<?xml version="1.0" encoding="UTF-8"?>
<testsuite name="ec.juanultimate.refactoring.extractmethod.InvoiceTest" tests="2" skipped="0" failures="0" errors="0" timestamp="2015-04-26T05:17:33" hostname="JuanGabriel" time="0.003">
  <properties/>
  <testcase name="mustExistInvoice" classname="ec.juanultimate.refactoring.extractmethod.InvoiceTest" time="0.001"/>
  <testcase name="mustPrintInvoiceHeader" classname="ec.juanultimate.refactoring.extractmethod.InvoiceTest" time="0.002"/>
  <system-out><![CDATA[Invoice
=====================

Customer:
  Juan Gabriel

]]></system-out>
  <system-err><![CDATA[]]></system-err>
</testsuite>
