<?xml version="1.0" encoding="UTF-8"?>
<testsuite name="ec.juanultimate.refactoring.extractmethod.CustomerTest" tests="2" skipped="0" failures="0" errors="0" timestamp="2015-04-26T05:17:33" hostname="JuanGabriel" time="0.003">
  <properties/>
  <testcase name="mustGetName" classname="ec.juanultimate.refactoring.extractmethod.CustomerTest" time="0.002"/>
  <testcase name="mustExistCustomer" classname="ec.juanultimate.refactoring.extractmethod.CustomerTest" time="0.0"/>
  <system-out><![CDATA[]]></system-out>
  <system-err><![CDATA[]]></system-err>
</testsuite>
