<?xml version="1.0" encoding="UTF-8"?>
<testsuite name="ec.juanultimate.refactoring.extractmethodwithparams.ItemTest" tests="2" skipped="0" failures="0" errors="0" timestamp="2015-04-26T05:17:33" hostname="JuanGabriel" time="0.024">
  <properties/>
  <testcase name="mustHavePrice" classname="ec.juanultimate.refactoring.extractmethodwithparams.ItemTest" time="0.022"/>
  <testcase name="mustExistItem" classname="ec.juanultimate.refactoring.extractmethodwithparams.ItemTest" time="0.001"/>
  <system-out><![CDATA[]]></system-out>
  <system-err><![CDATA[]]></system-err>
</testsuite>
